{"C:\\Projects\\Javascript-lab\\10-05-unit-test-for-classifyStudent.js": {"path":"C:\\Projects\\Javascript-lab\\10-05-unit-test-for-classifyStudent.js","statementMap":{"0":{"start":{"line":15,"column":1},"end":{"line":15,"column":51}},"1":{"start":{"line":15,"column":28},"end":{"line":15,"column":51}},"2":{"start":{"line":19,"column":1},"end":{"line":22,"column":21}},"3":{"start":{"line":19,"column":15},"end":{"line":19,"column":37}},"4":{"start":{"line":20,"column":6},"end":{"line":22,"column":21}},"5":{"start":{"line":20,"column":21},"end":{"line":20,"column":37}},"6":{"start":{"line":21,"column":6},"end":{"line":22,"column":21}},"7":{"start":{"line":21,"column":21},"end":{"line":21,"column":41}},"8":{"start":{"line":22,"column":6},"end":{"line":22,"column":21}},"9":{"start":{"line":24,"column":1},"end":{"line":24,"column":15}},"10":{"start":{"line":31,"column":1},"end":{"line":31,"column":51}},"11":{"start":{"line":31,"column":28},"end":{"line":31,"column":51}},"12":{"start":{"line":33,"column":14},"end":{"line":33,"column":19}},"13":{"start":{"line":35,"column":1},"end":{"line":37,"column":41}},"14":{"start":{"line":35,"column":15},"end":{"line":35,"column":37}},"15":{"start":{"line":36,"column":6},"end":{"line":37,"column":41}},"16":{"start":{"line":36,"column":21},"end":{"line":36,"column":37}},"17":{"start":{"line":37,"column":6},"end":{"line":37,"column":41}},"18":{"start":{"line":37,"column":21},"end":{"line":37,"column":41}},"19":{"start":{"line":39,"column":1},"end":{"line":39,"column":15}},"20":{"start":{"line":46,"column":1},"end":{"line":46,"column":51}},"21":{"start":{"line":46,"column":28},"end":{"line":46,"column":51}},"22":{"start":{"line":48,"column":1},"end":{"line":48,"column":35}},"23":{"start":{"line":48,"column":15},"end":{"line":48,"column":35}},"24":{"start":{"line":49,"column":1},"end":{"line":49,"column":30}},"25":{"start":{"line":49,"column":16},"end":{"line":49,"column":30}},"26":{"start":{"line":50,"column":1},"end":{"line":50,"column":34}},"27":{"start":{"line":50,"column":16},"end":{"line":50,"column":34}},"28":{"start":{"line":52,"column":1},"end":{"line":52,"column":14}}},"fnMap":{"0":{"name":"classifyStudentv1","decl":{"start":{"line":12,"column":9},"end":{"line":12,"column":26}},"loc":{"start":{"line":12,"column":33},"end":{"line":25,"column":1}},"line":12},"1":{"name":"classifyStudentv2","decl":{"start":{"line":28,"column":9},"end":{"line":28,"column":26}},"loc":{"start":{"line":28,"column":33},"end":{"line":40,"column":1}},"line":28},"2":{"name":"classifyStudentv3","decl":{"start":{"line":43,"column":16},"end":{"line":43,"column":33}},"loc":{"start":{"line":43,"column":40},"end":{"line":53,"column":1}},"line":43}},"branchMap":{"0":{"loc":{"start":{"line":15,"column":1},"end":{"line":15,"column":51}},"type":"if","locations":[{"start":{"line":15,"column":1},"end":{"line":15,"column":51}},{"start":{},"end":{}}],"line":15},"1":{"loc":{"start":{"line":15,"column":5},"end":{"line":15,"column":26}},"type":"binary-expr","locations":[{"start":{"line":15,"column":5},"end":{"line":15,"column":13}},{"start":{"line":15,"column":17},"end":{"line":15,"column":26}}],"line":15},"2":{"loc":{"start":{"line":19,"column":1},"end":{"line":22,"column":21}},"type":"if","locations":[{"start":{"line":19,"column":1},"end":{"line":22,"column":21}},{"start":{"line":20,"column":6},"end":{"line":22,"column":21}}],"line":19},"3":{"loc":{"start":{"line":20,"column":6},"end":{"line":22,"column":21}},"type":"if","locations":[{"start":{"line":20,"column":6},"end":{"line":22,"column":21}},{"start":{"line":21,"column":6},"end":{"line":22,"column":21}}],"line":20},"4":{"loc":{"start":{"line":21,"column":6},"end":{"line":22,"column":21}},"type":"if","locations":[{"start":{"line":21,"column":6},"end":{"line":22,"column":21}},{"start":{"line":22,"column":6},"end":{"line":22,"column":21}}],"line":21},"5":{"loc":{"start":{"line":31,"column":1},"end":{"line":31,"column":51}},"type":"if","locations":[{"start":{"line":31,"column":1},"end":{"line":31,"column":51}},{"start":{},"end":{}}],"line":31},"6":{"loc":{"start":{"line":31,"column":5},"end":{"line":31,"column":26}},"type":"binary-expr","locations":[{"start":{"line":31,"column":5},"end":{"line":31,"column":13}},{"start":{"line":31,"column":17},"end":{"line":31,"column":26}}],"line":31},"7":{"loc":{"start":{"line":35,"column":1},"end":{"line":37,"column":41}},"type":"if","locations":[{"start":{"line":35,"column":1},"end":{"line":37,"column":41}},{"start":{"line":36,"column":6},"end":{"line":37,"column":41}}],"line":35},"8":{"loc":{"start":{"line":36,"column":6},"end":{"line":37,"column":41}},"type":"if","locations":[{"start":{"line":36,"column":6},"end":{"line":37,"column":41}},{"start":{"line":37,"column":6},"end":{"line":37,"column":41}}],"line":36},"9":{"loc":{"start":{"line":37,"column":6},"end":{"line":37,"column":41}},"type":"if","locations":[{"start":{"line":37,"column":6},"end":{"line":37,"column":41}},{"start":{},"end":{}}],"line":37},"10":{"loc":{"start":{"line":46,"column":1},"end":{"line":46,"column":51}},"type":"if","locations":[{"start":{"line":46,"column":1},"end":{"line":46,"column":51}},{"start":{},"end":{}}],"line":46},"11":{"loc":{"start":{"line":46,"column":5},"end":{"line":46,"column":26}},"type":"binary-expr","locations":[{"start":{"line":46,"column":5},"end":{"line":46,"column":13}},{"start":{"line":46,"column":17},"end":{"line":46,"column":26}}],"line":46},"12":{"loc":{"start":{"line":48,"column":1},"end":{"line":48,"column":35}},"type":"if","locations":[{"start":{"line":48,"column":1},"end":{"line":48,"column":35}},{"start":{},"end":{}}],"line":48},"13":{"loc":{"start":{"line":49,"column":1},"end":{"line":49,"column":30}},"type":"if","locations":[{"start":{"line":49,"column":1},"end":{"line":49,"column":30}},{"start":{},"end":{}}],"line":49},"14":{"loc":{"start":{"line":50,"column":1},"end":{"line":50,"column":34}},"type":"if","locations":[{"start":{"line":50,"column":1},"end":{"line":50,"column":34}},{"start":{},"end":{}}],"line":50}},"s":{"0":0,"1":0,"2":0,"3":0,"4":0,"5":0,"6":0,"7":0,"8":0,"9":0,"10":0,"11":0,"12":0,"13":0,"14":0,"15":0,"16":0,"17":0,"18":0,"19":0,"20":12,"21":2,"22":10,"23":2,"24":8,"25":2,"26":6,"27":3,"28":3},"f":{"0":0,"1":0,"2":12},"b":{"0":[0,0],"1":[0,0],"2":[0,0],"3":[0,0],"4":[0,0],"5":[0,0],"6":[0,0],"7":[0,0],"8":[0,0],"9":[0,0],"10":[2,10],"11":[12,11],"12":[2,8],"13":[2,6],"14":[3,3]},"_coverageSchema":"1a1c01bbd47fc00a2c39e90264f33305004495a9","hash":"8e74915644e727711aef33cf93d8e83d224f49e9"}
,"C:\\Projects\\Javascript-lab\\10-06-unit-test-for-checkIfAllEven.js": {"path":"C:\\Projects\\Javascript-lab\\10-06-unit-test-for-checkIfAllEven.js","statementMap":{"0":{"start":{"line":3,"column":1},"end":{"line":3,"column":75}},"1":{"start":{"line":3,"column":62},"end":{"line":3,"column":75}},"2":{"start":{"line":5,"column":15},"end":{"line":5,"column":19}},"3":{"start":{"line":7,"column":1},"end":{"line":13,"column":2}},"4":{"start":{"line":7,"column":14},"end":{"line":7,"column":15}},"5":{"start":{"line":8,"column":17},"end":{"line":8,"column":31}},"6":{"start":{"line":9,"column":2},"end":{"line":12,"column":3}},"7":{"start":{"line":10,"column":3},"end":{"line":10,"column":19}},"8":{"start":{"line":11,"column":3},"end":{"line":11,"column":9}},"9":{"start":{"line":15,"column":1},"end":{"line":15,"column":16}},"10":{"start":{"line":21,"column":1},"end":{"line":21,"column":75}},"11":{"start":{"line":21,"column":62},"end":{"line":21,"column":75}},"12":{"start":{"line":23,"column":1},"end":{"line":25,"column":2}},"13":{"start":{"line":23,"column":14},"end":{"line":23,"column":15}},"14":{"start":{"line":24,"column":2},"end":{"line":24,"column":45}},"15":{"start":{"line":24,"column":32},"end":{"line":24,"column":45}},"16":{"start":{"line":27,"column":1},"end":{"line":27,"column":13}}},"fnMap":{"0":{"name":"checkIfAllEvenV1","decl":{"start":{"line":2,"column":16},"end":{"line":2,"column":32}},"loc":{"start":{"line":2,"column":46},"end":{"line":16,"column":1}},"line":2},"1":{"name":"checkIfAllEvenV2","decl":{"start":{"line":20,"column":16},"end":{"line":20,"column":32}},"loc":{"start":{"line":20,"column":46},"end":{"line":28,"column":1}},"line":20}},"branchMap":{"0":{"loc":{"start":{"line":3,"column":1},"end":{"line":3,"column":75}},"type":"if","locations":[{"start":{"line":3,"column":1},"end":{"line":3,"column":75}},{"start":{},"end":{}}],"line":3},"1":{"loc":{"start":{"line":3,"column":5},"end":{"line":3,"column":60}},"type":"binary-expr","locations":[{"start":{"line":3,"column":5},"end":{"line":3,"column":32}},{"start":{"line":3,"column":36},"end":{"line":3,"column":60}}],"line":3},"2":{"loc":{"start":{"line":9,"column":2},"end":{"line":12,"column":3}},"type":"if","locations":[{"start":{"line":9,"column":2},"end":{"line":12,"column":3}},{"start":{},"end":{}}],"line":9},"3":{"loc":{"start":{"line":21,"column":1},"end":{"line":21,"column":75}},"type":"if","locations":[{"start":{"line":21,"column":1},"end":{"line":21,"column":75}},{"start":{},"end":{}}],"line":21},"4":{"loc":{"start":{"line":21,"column":5},"end":{"line":21,"column":60}},"type":"binary-expr","locations":[{"start":{"line":21,"column":5},"end":{"line":21,"column":32}},{"start":{"line":21,"column":36},"end":{"line":21,"column":60}}],"line":21},"5":{"loc":{"start":{"line":24,"column":2},"end":{"line":24,"column":45}},"type":"if","locations":[{"start":{"line":24,"column":2},"end":{"line":24,"column":45}},{"start":{},"end":{}}],"line":24}},"s":{"0":9,"1":6,"2":3,"3":3,"4":3,"5":6,"6":6,"7":2,"8":2,"9":3,"10":9,"11":6,"12":3,"13":3,"14":6,"15":2,"16":1},"f":{"0":9,"1":9},"b":{"0":[6,3],"1":[9,4],"2":[2,4],"3":[6,3],"4":[9,4],"5":[2,4]},"_coverageSchema":"1a1c01bbd47fc00a2c39e90264f33305004495a9","hash":"6739c6ed16af9ada0b591d46db270ea9aa82f61e"}
,"C:\\Projects\\Javascript-lab\\main.js": {"path":"C:\\Projects\\Javascript-lab\\main.js","statementMap":{"0":{"start":{"line":11,"column":2},"end":{"line":11,"column":15}},"1":{"start":{"line":15,"column":2},"end":{"line":15,"column":15}}},"fnMap":{"0":{"name":"sum","decl":{"start":{"line":10,"column":16},"end":{"line":10,"column":19}},"loc":{"start":{"line":10,"column":26},"end":{"line":12,"column":1}},"line":10},"1":{"name":"multiply","decl":{"start":{"line":14,"column":16},"end":{"line":14,"column":24}},"loc":{"start":{"line":14,"column":31},"end":{"line":16,"column":1}},"line":14}},"branchMap":{},"s":{"0":1,"1":0},"f":{"0":1,"1":0},"b":{},"_coverageSchema":"1a1c01bbd47fc00a2c39e90264f33305004495a9","hash":"86e88f409e2d979e4f5a3c4834d3cd6288e1f54c"}
}
