TN:
SF:10-05-unit-test-for-classifyStudent.js
FN:12,classifyStudentv1
FN:28,classifyStudentv2
FN:43,classifyStudentv3
FNF:3
FNH:1
FNDA:0,classifyStudentv1
FNDA:0,classifyStudentv2
FNDA:12,classifyStudentv3
DA:15,0
DA:19,0
DA:20,0
DA:21,0
DA:22,0
DA:24,0
DA:31,0
DA:33,0
DA:35,0
DA:36,0
DA:37,0
DA:39,0
DA:46,12
DA:48,10
DA:49,8
DA:50,6
DA:52,3
LF:17
LH:5
BRDA:15,0,0,0
BRDA:15,0,1,0
BRDA:15,1,0,0
BRDA:15,1,1,0
BRDA:19,2,0,0
BRDA:19,2,1,0
BRDA:20,3,0,0
BRDA:20,3,1,0
BRDA:21,4,0,0
BRDA:21,4,1,0
BRDA:31,5,0,0
BRDA:31,5,1,0
BRDA:31,6,0,0
BRDA:31,6,1,0
BRDA:35,7,0,0
BRDA:35,7,1,0
BRDA:36,8,0,0
BRDA:36,8,1,0
BRDA:37,9,0,0
BRDA:37,9,1,0
BRDA:46,10,0,2
BRDA:46,10,1,10
BRDA:46,11,0,12
BRDA:46,11,1,11
BRDA:48,12,0,2
BRDA:48,12,1,8
BRDA:49,13,0,2
BRDA:49,13,1,6
BRDA:50,14,0,3
BRDA:50,14,1,3
BRF:30
BRH:10
end_of_record
TN:
SF:10-06-unit-test-for-checkIfAllEven.js
FN:2,checkIfAllEvenV1
FN:20,checkIfAllEvenV2
FNF:2
FNH:2
FNDA:9,checkIfAllEvenV1
FNDA:9,checkIfAllEvenV2
DA:3,9
DA:5,3
DA:7,3
DA:8,6
DA:9,6
DA:10,2
DA:11,2
DA:15,3
DA:21,9
DA:23,3
DA:24,6
DA:27,1
LF:12
LH:12
BRDA:3,0,0,6
BRDA:3,0,1,3
BRDA:3,1,0,9
BRDA:3,1,1,4
BRDA:9,2,0,2
BRDA:9,2,1,4
BRDA:21,3,0,6
BRDA:21,3,1,3
BRDA:21,4,0,9
BRDA:21,4,1,4
BRDA:24,5,0,2
BRDA:24,5,1,4
BRF:12
BRH:12
end_of_record
TN:
SF:main.js
FN:10,sum
FN:14,multiply
FNF:2
FNH:1
FNDA:1,sum
FNDA:0,multiply
DA:11,1
DA:15,0
LF:2
LH:1
BRF:0
BRH:0
end_of_record
